2022-08-22 16:46:43.301 [ERROR] [cip:10.222.16.125][xid:] [tid:main] o.s.b.d.LoggingFailureAnalysisReporter:40 - 

***************************
APPLICATION FAILED TO START
***************************

Description:

A component required a bean of type 'com.kt.component.mq.core.serializer.MessageCodec' that could not be found.


Action:

Consider defining a bean of type 'com.kt.component.mq.core.serializer.MessageCodec' in your configuration.

2022-08-22 17:14:40.725 [ERROR] [cip:10.222.16.125][xid:] [tid:main] o.s.boot.SpringApplication:834 - Application run failed
org.springframework.beans.factory.BeanCreationException: Error creating bean with name 'rocketMessageService' defined in class path resource [com/kt/component/mq/integration/autoconfigure/RocketMQAutoConfiguration.class]: Bean instantiation via factory method failed; nested exception is org.springframework.beans.BeanInstantiationException: Failed to instantiate [com.kt.component.mq.rocket.RocketMQMessageService]: Factory method 'rocketMessageService' threw exception; nested exception is java.lang.NullPointerException: Cannot invoke "com.kt.component.mq.rocket.configuation.RocketMQConfiguration$Producer.getGroup()" because "producer" is null
	at org.springframework.beans.factory.support.ConstructorResolver.instantiate(ConstructorResolver.java:657)
	at org.springframework.beans.factory.support.ConstructorResolver.instantiateUsingFactoryMethod(ConstructorResolver.java:637)
	at org.springframework.beans.factory.support.AbstractAutowireCapableBeanFactory.instantiateUsingFactoryMethod(AbstractAutowireCapableBeanFactory.java:1341)
	at org.springframework.beans.factory.support.AbstractAutowireCapableBeanFactory.createBeanInstance(AbstractAutowireCapableBeanFactory.java:1181)
	at org.springframework.beans.factory.support.AbstractAutowireCapableBeanFactory.doCreateBean(AbstractAutowireCapableBeanFactory.java:556)
	at org.springframework.beans.factory.support.AbstractAutowireCapableBeanFactory.createBean(AbstractAutowireCapableBeanFactory.java:516)
	at org.springframework.beans.factory.support.AbstractBeanFactory.lambda$doGetBean$0(AbstractBeanFactory.java:324)
	at org.springframework.beans.factory.support.DefaultSingletonBeanRegistry.getSingleton(DefaultSingletonBeanRegistry.java:234)
	at org.springframework.beans.factory.support.AbstractBeanFactory.doGetBean(AbstractBeanFactory.java:322)
	at org.springframework.beans.factory.support.AbstractBeanFactory.getBean(AbstractBeanFactory.java:202)
	at org.springframework.beans.factory.support.DefaultListableBeanFactory.preInstantiateSingletons(DefaultListableBeanFactory.java:897)
	at org.springframework.context.support.AbstractApplicationContext.finishBeanFactoryInitialization(AbstractApplicationContext.java:879)
	at org.springframework.context.support.AbstractApplicationContext.refresh(AbstractApplicationContext.java:551)
	at org.springframework.boot.web.servlet.context.ServletWebServerApplicationContext.refresh(ServletWebServerApplicationContext.java:143)
	at org.springframework.boot.SpringApplication.refresh(SpringApplication.java:755)
	at org.springframework.boot.SpringApplication.refresh(SpringApplication.java:747)
	at org.springframework.boot.SpringApplication.refreshContext(SpringApplication.java:402)
	at org.springframework.boot.SpringApplication.run(SpringApplication.java:312)
	at org.springframework.boot.SpringApplication.run(SpringApplication.java:1247)
	at org.springframework.boot.SpringApplication.run(SpringApplication.java:1236)
	at com.kt.cloud.order.Application.main(Application.java:17)
Caused by: org.springframework.beans.BeanInstantiationException: Failed to instantiate [com.kt.component.mq.rocket.RocketMQMessageService]: Factory method 'rocketMessageService' threw exception; nested exception is java.lang.NullPointerException: Cannot invoke "com.kt.component.mq.rocket.configuation.RocketMQConfiguration$Producer.getGroup()" because "producer" is null
	at org.springframework.beans.factory.support.SimpleInstantiationStrategy.instantiate(SimpleInstantiationStrategy.java:185)
	at org.springframework.beans.factory.support.ConstructorResolver.instantiate(ConstructorResolver.java:652)
	... 20 common frames omitted
Caused by: java.lang.NullPointerException: Cannot invoke "com.kt.component.mq.rocket.configuation.RocketMQConfiguration$Producer.getGroup()" because "producer" is null
	at com.kt.component.mq.rocket.RocketMQMessageService.initProducer(RocketMQMessageService.java:31)
	at com.kt.component.mq.rocket.RocketMQMessageService.<init>(RocketMQMessageService.java:25)
	at com.kt.component.mq.integration.autoconfigure.RocketMQAutoConfiguration.rocketMessageService(RocketMQAutoConfiguration.java:34)
	at java.base/jdk.internal.reflect.DirectMethodHandleAccessor.invoke(DirectMethodHandleAccessor.java:104)
	at java.base/java.lang.reflect.Method.invoke(Method.java:577)
	at org.springframework.beans.factory.support.SimpleInstantiationStrategy.instantiate(SimpleInstantiationStrategy.java:154)
	... 21 common frames omitted
2022-08-22 17:24:49.744 [ERROR] [cip:10.222.16.125][xid:] [tid:main] o.s.boot.SpringApplication:834 - Application run failed
java.lang.IllegalStateException: Error processing condition on com.kt.component.mq.integration.autoconfigure.RocketMQAutoConfiguration.rocketMessageService
	at org.springframework.boot.autoconfigure.condition.SpringBootCondition.matches(SpringBootCondition.java:60)
	at org.springframework.context.annotation.ConditionEvaluator.shouldSkip(ConditionEvaluator.java:108)
	at org.springframework.context.annotation.ConfigurationClassBeanDefinitionReader.loadBeanDefinitionsForBeanMethod(ConfigurationClassBeanDefinitionReader.java:184)
	at org.springframework.context.annotation.ConfigurationClassBeanDefinitionReader.loadBeanDefinitionsForConfigurationClass(ConfigurationClassBeanDefinitionReader.java:144)
	at org.springframework.context.annotation.ConfigurationClassBeanDefinitionReader.loadBeanDefinitions(ConfigurationClassBeanDefinitionReader.java:120)
	at org.springframework.context.annotation.ConfigurationClassPostProcessor.processConfigBeanDefinitions(ConfigurationClassPostProcessor.java:332)
	at org.springframework.context.annotation.ConfigurationClassPostProcessor.postProcessBeanDefinitionRegistry(ConfigurationClassPostProcessor.java:237)
	at org.springframework.context.support.PostProcessorRegistrationDelegate.invokeBeanDefinitionRegistryPostProcessors(PostProcessorRegistrationDelegate.java:280)
	at org.springframework.context.support.PostProcessorRegistrationDelegate.invokeBeanFactoryPostProcessors(PostProcessorRegistrationDelegate.java:96)
	at org.springframework.context.support.AbstractApplicationContext.invokeBeanFactoryPostProcessors(AbstractApplicationContext.java:707)
	at org.springframework.context.support.AbstractApplicationContext.refresh(AbstractApplicationContext.java:533)
	at org.springframework.boot.web.servlet.context.ServletWebServerApplicationContext.refresh(ServletWebServerApplicationContext.java:143)
	at org.springframework.boot.SpringApplication.refresh(SpringApplication.java:755)
	at org.springframework.boot.SpringApplication.refresh(SpringApplication.java:747)
	at org.springframework.boot.SpringApplication.refreshContext(SpringApplication.java:402)
	at org.springframework.boot.SpringApplication.run(SpringApplication.java:312)
	at org.springframework.boot.SpringApplication.run(SpringApplication.java:1247)
	at org.springframework.boot.SpringApplication.run(SpringApplication.java:1236)
	at com.kt.cloud.order.Application.main(Application.java:17)
Caused by: java.lang.IllegalStateException: The name or value attribute of @ConditionalOnProperty must be specified
	at org.springframework.util.Assert.state(Assert.java:76)
	at org.springframework.boot.autoconfigure.condition.OnPropertyCondition$Spec.getNames(OnPropertyCondition.java:129)
	at org.springframework.boot.autoconfigure.condition.OnPropertyCondition$Spec.<init>(OnPropertyCondition.java:122)
	at org.springframework.boot.autoconfigure.condition.OnPropertyCondition.determineOutcome(OnPropertyCondition.java:88)
	at org.springframework.boot.autoconfigure.condition.OnPropertyCondition.getMatchOutcome(OnPropertyCondition.java:55)
	at org.springframework.boot.autoconfigure.condition.SpringBootCondition.matches(SpringBootCondition.java:47)
	... 18 common frames omitted
2022-08-22 17:26:14.492 [ERROR] [cip:10.222.16.125][xid:] [tid:main] c.k.c.mq.integration.MQListenStarter:56 - [mq listen] processor: [com.kt.cloud.order.module.order.mq.consumer.OrderPayNotifyMQProcessor] listen error
2022-08-22 17:26:15.249 [ERROR] [cip:10.222.16.125][xid:] [tid:main] o.s.boot.SpringApplication:834 - Application run failed
java.lang.IllegalStateException: Failed to execute ApplicationRunner
	at org.springframework.boot.SpringApplication.callRunner(SpringApplication.java:786)
	at org.springframework.boot.SpringApplication.callRunners(SpringApplication.java:773)
	at org.springframework.boot.SpringApplication.run(SpringApplication.java:319)
	at org.springframework.boot.SpringApplication.run(SpringApplication.java:1247)
	at org.springframework.boot.SpringApplication.run(SpringApplication.java:1236)
	at com.kt.cloud.order.Application.main(Application.java:17)
Caused by: com.kt.component.mq.exception.MQListenException: java.lang.IllegalStateException: org.apache.rocketmq.remoting.exception.RemotingConnectException: connect to null failed
	at com.kt.component.mq.integration.MQListenStarter.doListen(MQListenStarter.java:57)
	at com.kt.component.mq.integration.MQListenStarter.lambda$startListen$0(MQListenStarter.java:38)
	at java.base/java.util.LinkedHashMap.forEach(LinkedHashMap.java:721)
	at com.kt.component.mq.integration.MQListenStarter.startListen(MQListenStarter.java:38)
	at com.kt.component.mq.integration.MQListenStarter.run(MQListenStarter.java:32)
	at org.springframework.boot.SpringApplication.callRunner(SpringApplication.java:783)
	... 5 common frames omitted
Caused by: java.lang.IllegalStateException: org.apache.rocketmq.remoting.exception.RemotingConnectException: connect to null failed
	at org.apache.rocketmq.client.impl.factory.MQClientInstance.updateTopicRouteInfoFromNameServer(MQClientInstance.java:679)
	at org.apache.rocketmq.client.impl.factory.MQClientInstance.updateTopicRouteInfoFromNameServer(MQClientInstance.java:509)
	at org.apache.rocketmq.client.impl.consumer.DefaultMQPushConsumerImpl.updateTopicSubscribeInfoWhenSubscriptionChanged(DefaultMQPushConsumerImpl.java:871)
	at org.apache.rocketmq.client.impl.consumer.DefaultMQPushConsumerImpl.start(DefaultMQPushConsumerImpl.java:654)
	at org.apache.rocketmq.client.consumer.DefaultMQPushConsumer.start(DefaultMQPushConsumer.java:698)
	at com.kt.component.mq.rocket.listener.RocketMQListener.listen(RocketMQListener.java:49)
	at com.kt.component.mq.integration.MQListenStarter.doListen(MQListenStarter.java:53)
	... 10 common frames omitted
Caused by: org.apache.rocketmq.remoting.exception.RemotingConnectException: connect to null failed
	at org.apache.rocketmq.remoting.netty.NettyRemotingClient.invokeSync(NettyRemotingClient.java:394)
	at org.apache.rocketmq.client.impl.MQClientAPIImpl.getTopicRouteInfoFromNameServer(MQClientAPIImpl.java:1365)
	at org.apache.rocketmq.client.impl.MQClientAPIImpl.getTopicRouteInfoFromNameServer(MQClientAPIImpl.java:1355)
	at org.apache.rocketmq.client.impl.factory.MQClientInstance.updateTopicRouteInfoFromNameServer(MQClientInstance.java:622)
	... 16 common frames omitted
2022-08-22 17:27:09.569 [ERROR] [cip:10.222.16.125][xid:] [tid:main] c.k.c.mq.integration.MQListenStarter:56 - [mq listen] processor: [com.kt.cloud.order.module.order.mq.consumer.OrderPayNotifyMQProcessor] listen error
2022-08-22 17:27:10.018 [ERROR] [cip:10.222.16.125][xid:] [tid:main] o.s.boot.SpringApplication:834 - Application run failed
java.lang.IllegalStateException: Failed to execute ApplicationRunner
	at org.springframework.boot.SpringApplication.callRunner(SpringApplication.java:786)
	at org.springframework.boot.SpringApplication.callRunners(SpringApplication.java:773)
	at org.springframework.boot.SpringApplication.run(SpringApplication.java:319)
	at org.springframework.boot.SpringApplication.run(SpringApplication.java:1247)
	at org.springframework.boot.SpringApplication.run(SpringApplication.java:1236)
	at com.kt.cloud.order.Application.main(Application.java:17)
Caused by: com.kt.component.mq.exception.MQListenException: java.lang.IllegalStateException: org.apache.rocketmq.remoting.exception.RemotingConnectException: connect to null failed
	at com.kt.component.mq.integration.MQListenStarter.doListen(MQListenStarter.java:57)
	at com.kt.component.mq.integration.MQListenStarter.lambda$startListen$0(MQListenStarter.java:38)
	at java.base/java.util.LinkedHashMap.forEach(LinkedHashMap.java:721)
	at com.kt.component.mq.integration.MQListenStarter.startListen(MQListenStarter.java:38)
	at com.kt.component.mq.integration.MQListenStarter.run(MQListenStarter.java:32)
	at org.springframework.boot.SpringApplication.callRunner(SpringApplication.java:783)
	... 5 common frames omitted
Caused by: java.lang.IllegalStateException: org.apache.rocketmq.remoting.exception.RemotingConnectException: connect to null failed
	at org.apache.rocketmq.client.impl.factory.MQClientInstance.updateTopicRouteInfoFromNameServer(MQClientInstance.java:679)
	at org.apache.rocketmq.client.impl.factory.MQClientInstance.updateTopicRouteInfoFromNameServer(MQClientInstance.java:509)
	at org.apache.rocketmq.client.impl.consumer.DefaultMQPushConsumerImpl.updateTopicSubscribeInfoWhenSubscriptionChanged(DefaultMQPushConsumerImpl.java:871)
	at org.apache.rocketmq.client.impl.consumer.DefaultMQPushConsumerImpl.start(DefaultMQPushConsumerImpl.java:654)
	at org.apache.rocketmq.client.consumer.DefaultMQPushConsumer.start(DefaultMQPushConsumer.java:698)
	at com.kt.component.mq.rocket.listener.RocketMQListener.listen(RocketMQListener.java:49)
	at com.kt.component.mq.integration.MQListenStarter.doListen(MQListenStarter.java:53)
	... 10 common frames omitted
Caused by: org.apache.rocketmq.remoting.exception.RemotingConnectException: connect to null failed
	at org.apache.rocketmq.remoting.netty.NettyRemotingClient.invokeSync(NettyRemotingClient.java:394)
	at org.apache.rocketmq.client.impl.MQClientAPIImpl.getTopicRouteInfoFromNameServer(MQClientAPIImpl.java:1365)
	at org.apache.rocketmq.client.impl.MQClientAPIImpl.getTopicRouteInfoFromNameServer(MQClientAPIImpl.java:1355)
	at org.apache.rocketmq.client.impl.factory.MQClientInstance.updateTopicRouteInfoFromNameServer(MQClientInstance.java:622)
	... 16 common frames omitted
